<?xml version="1.0" encoding="UTF-8"?>
<!-- Generated by org.testng.reporters.JUnitXMLReporter -->
<testsuite ignored="0" hostname="DESKTOP-2QNBM3V" failures="2" tests="6" name="Test" time="23.636" errors="0" timestamp="2024-06-23T20:48:35 IST">
  <testcase classname="com.tests.LoginTest" name="test01" time="14.548"/>
  <testcase classname="com.tests.LoginTest" name="test03" time="0.002">
    <skipped/>
  </testcase> <!-- test03 -->
  <testcase classname="com.tests.DashboardPageTest" name="test02" time="0.004"/>
  <testcase classname="com.tests.DashboardPageTest" name="test01" time="0.004">
    <failure type="java.lang.NullPointerException" message="Cannot invoke &amp;quot;com.pages.Login.loginToApplication(String, String)&amp;quot; because &amp;quot;this.lp&amp;quot; is null">
      <![CDATA[java.lang.NullPointerException: Cannot invoke "com.pages.Login.loginToApplication(String, String)" because "this.lp" is null
at com.tests.DashboardPageTest.test01(DashboardPageTest.java:32)
at java.base/java.util.ArrayList.forEach(ArrayList.java:1511)
... Removed 27 stack frames]]>
    </failure>
  </testcase> <!-- test01 -->
  <testcase classname="com.tests.DashboardPageTest" name="test03" time="0.005">
    <skipped/>
  </testcase> <!-- test03 -->
  <testcase classname="com.tests.HomePageTest" name="test01" time="0.005">
    <failure type="java.lang.NullPointerException" message="Cannot invoke &amp;quot;com.pages.Login.loginToApplication(String, String)&amp;quot; because &amp;quot;this.lp&amp;quot; is null">
      <![CDATA[java.lang.NullPointerException: Cannot invoke "com.pages.Login.loginToApplication(String, String)" because "this.lp" is null
at com.tests.HomePageTest.test01(HomePageTest.java:32)
at java.base/java.util.ArrayList.forEach(ArrayList.java:1511)
... Removed 27 stack frames]]>
    </failure>
  </testcase> <!-- test01 -->
</testsuite> <!-- Test -->
